[10-Apr-2021 15:24:54 UTC] Log de Errores en App!
[10-Apr-2021 15:24:54 UTC] PHP Notice:  session_start(): A session had already been started - ignoring in /var/www/html/Tabla/models/solicitudmodel.php on line 2
[10-Apr-2021 15:25:02 UTC] Log de Errores en App!
[10-Apr-2021 15:25:02 UTC] Log de Errores en App!
[10-Apr-2021 15:25:02 UTC] PHP Notice:  Undefined variable: _SESSION in /var/www/html/Tabla/views/header.php on line 64
[10-Apr-2021 15:25:02 UTC] PHP Notice:  Undefined variable: _SESSION in /var/www/html/Tabla/views/header.php on line 67
[10-Apr-2021 15:25:02 UTC] PHP Notice:  Undefined property: View::$usuariosperfil in /var/www/html/Tabla/views/header.php on line 86
[10-Apr-2021 15:25:02 UTC] PHP Warning:  Invalid argument supplied for foreach() in /var/www/html/Tabla/views/header.php on line 86
[10-Apr-2021 15:25:02 UTC] PHP Notice:  Undefined property: View::$usuariosperfil in /var/www/html/Tabla/views/header.php on line 117
[10-Apr-2021 15:25:02 UTC] PHP Warning:  Invalid argument supplied for foreach() in /var/www/html/Tabla/views/header.php on line 117
[10-Apr-2021 15:25:02 UTC] Log de Errores en App!
[10-Apr-2021 15:25:02 UTC] PHP Notice:  Undefined variable: _SESSION in /var/www/html/Tabla/views/header.php on line 64
[10-Apr-2021 15:25:02 UTC] PHP Notice:  Undefined variable: _SESSION in /var/www/html/Tabla/views/header.php on line 67
[10-Apr-2021 15:25:02 UTC] PHP Notice:  Undefined property: View::$usuariosperfil in /var/www/html/Tabla/views/header.php on line 86
[10-Apr-2021 15:25:02 UTC] PHP Warning:  Invalid argument supplied for foreach() in /var/www/html/Tabla/views/header.php on line 86
[10-Apr-2021 15:25:02 UTC] PHP Notice:  Undefined property: View::$usuariosperfil in /var/www/html/Tabla/views/header.php on line 117
[10-Apr-2021 15:25:02 UTC] PHP Warning:  Invalid argument supplied for foreach() in /var/www/html/Tabla/views/header.php on line 117
[10-Apr-2021 15:25:14 UTC] Log de Errores en App!
[10-Apr-2021 15:25:17 UTC] Log de Errores en App!
[10-Apr-2021 15:25:17 UTC] PHP Notice:  session_start(): A session had already been started - ignoring in /var/www/html/Tabla/models/solicitudmodel.php on line 2
[10-Apr-2021 15:25:36 UTC] Log de Errores en App!
[10-Apr-2021 15:25:36 UTC] PHP Notice:  session_start(): A session had already been started - ignoring in /var/www/html/Tabla/models/solicitudmodel.php on line 2
